<?xml version="1.0" encoding="UTF-8"?>
<testng-results ignored="0" total="1" passed="1" failed="0" skipped="0">
  <reporter-output>
  </reporter-output>
  <suite started-at="2024-09-25T07:46:58 IST" name="Default suite" finished-at="2024-09-25T07:47:11 IST" duration-ms="12284">
    <groups>
      <group name="Smoke">
        <method signature="LogInTest.VerifyLogin()[pri:0, instance:com.sevenrmartsupermarket.tests.LogInTest@79d8407f]" name="VerifyLogin" class="com.sevenrmartsupermarket.tests.LogInTest"/>
      </group> <!-- Smoke -->
    </groups>
    <test started-at="2024-09-25T07:46:58 IST" name="Default test" finished-at="2024-09-25T07:47:11 IST" duration-ms="12284">
      <class name="com.sevenrmartsupermarket.tests.LogInTest">
        <test-method is-config="true" signature="launchBrowser()[pri:0, instance:com.sevenrmartsupermarket.tests.LogInTest@79d8407f]" started-at="2024-09-25T07:46:59 IST" name="launchBrowser" finished-at="2024-09-25T07:47:10 IST" duration-ms="11003" status="PASS">
          <reporter-output>
          </reporter-output>
        </test-method> <!-- launchBrowser -->
        <test-method signature="VerifyLogin()[pri:0, instance:com.sevenrmartsupermarket.tests.LogInTest@79d8407f]" started-at="2024-09-25T07:47:10 IST" name="VerifyLogin" finished-at="2024-09-25T07:47:11 IST" duration-ms="1181" status="PASS">
          <reporter-output>
          </reporter-output>
        </test-method> <!-- VerifyLogin -->
        <test-method is-config="true" signature="terminateBrowser(org.testng.ITestResult)[pri:0, instance:com.sevenrmartsupermarket.tests.LogInTest@79d8407f]" started-at="2024-09-25T07:47:11 IST" name="terminateBrowser" finished-at="2024-09-25T07:47:11 IST" duration-ms="6" status="PASS">
          <params>
            <param index="0">
              <value>
                <![CDATA[[TestResult name=VerifyLogin status=SUCCESS method=LogInTest.VerifyLogin()[pri:0, instance:com.sevenrmartsupermarket.tests.LogInTest@79d8407f] output={null}]]]>
              </value>
            </param>
          </params>
          <reporter-output>
          </reporter-output>
        </test-method> <!-- terminateBrowser -->
      </class> <!-- com.sevenrmartsupermarket.tests.LogInTest -->
    </test> <!-- Default test -->
  </suite> <!-- Default suite -->
</testng-results>
